<?xml version="1.0" encoding="UTF-8"?>
<testng-results ignored="0" total="1" passed="1" failed="0" skipped="0">
  <reporter-output>
  </reporter-output>
  <suite started-at="2022-09-08T10:11:39 IST" name="Suite" finished-at="2022-09-08T10:11:47 IST" duration-ms="7667">
    <groups>
    </groups>
    <test started-at="2022-09-08T10:11:39 IST" name="Test" finished-at="2022-09-08T10:11:47 IST" duration-ms="7667">
      <class name="com.test.Test_001">
        <test-method is-config="true" signature="BS()[pri:0, instance:com.test.Test_001@79924b]" started-at="2022-09-08T10:11:39 IST" name="BS" finished-at="2022-09-08T10:11:39 IST" duration-ms="19" status="PASS">
          <reporter-output>
          </reporter-output>
        </test-method> <!-- BS -->
        <test-method is-config="true" signature="BM()[pri:0, instance:com.test.Test_001@79924b]" started-at="2022-09-08T10:11:39 IST" name="BM" finished-at="2022-09-08T10:11:44 IST" duration-ms="4872" status="PASS">
          <reporter-output>
          </reporter-output>
        </test-method> <!-- BM -->
        <test-method signature="Test_01()[pri:0, instance:com.test.Test_001@79924b]" started-at="2022-09-08T10:11:44 IST" name="Test_01" finished-at="2022-09-08T10:11:44 IST" duration-ms="288" status="PASS">
          <reporter-output>
          </reporter-output>
        </test-method> <!-- Test_01 -->
        <test-method is-config="true" signature="AM()[pri:0, instance:com.test.Test_001@79924b]" started-at="2022-09-08T10:11:44 IST" name="AM" finished-at="2022-09-08T10:11:47 IST" duration-ms="2470" status="PASS">
          <reporter-output>
          </reporter-output>
        </test-method> <!-- AM -->
      </class> <!-- com.test.Test_001 -->
    </test> <!-- Test -->
  </suite> <!-- Suite -->
</testng-results>
